[debug] [2023-01-26T14:35:09.207Z] ----------------------------------------------------------------------
[debug] [2023-01-26T14:35:09.209Z] Command:       C:\Program Files\nodejs\node.exe C:\Users\pavel\AppData\Roaming\npm\node_modules\firebase-tools\lib\bin\firebase.js deploy
[debug] [2023-01-26T14:35:09.210Z] CLI Version:   11.21.0
[debug] [2023-01-26T14:35:09.210Z] Platform:      win32
[debug] [2023-01-26T14:35:09.210Z] Node Version:  v16.10.0
[debug] [2023-01-26T14:35:09.211Z] Time:          Thu Jan 26 2023 15:35:09 GMT+0100 (Středoevropský standardní čas)
[debug] [2023-01-26T14:35:09.212Z] ----------------------------------------------------------------------
[debug] 
[debug] [2023-01-26T14:35:09.343Z] > command requires scopes: ["email","openid","https://www.googleapis.com/auth/cloudplatformprojects.readonly","https://www.googleapis.com/auth/firebase","https://www.googleapis.com/auth/cloud-platform"]
[debug] [2023-01-26T14:35:09.343Z] > authorizing via signed-in user (pavliiiicek.m@seznam.cz)
[debug] [2023-01-26T14:35:09.343Z] [iam] checking project cm-kuraz-production for permissions ["cloudfunctions.functions.create","cloudfunctions.functions.delete","cloudfunctions.functions.get","cloudfunctions.functions.list","cloudfunctions.functions.update","cloudfunctions.operations.get","datastore.indexes.create","datastore.indexes.delete","datastore.indexes.list","datastore.indexes.update","firebase.projects.get","firebasehosting.sites.update"]
[debug] [2023-01-26T14:35:09.346Z] >>> [apiv2][query] POST https://cloudresourcemanager.googleapis.com/v1/projects/cm-kuraz-production:testIamPermissions [none]
[debug] [2023-01-26T14:35:09.347Z] >>> [apiv2][(partial)header] POST https://cloudresourcemanager.googleapis.com/v1/projects/cm-kuraz-production:testIamPermissions x-goog-quota-user=projects/cm-kuraz-production
[debug] [2023-01-26T14:35:09.347Z] >>> [apiv2][body] POST https://cloudresourcemanager.googleapis.com/v1/projects/cm-kuraz-production:testIamPermissions {"permissions":["cloudfunctions.functions.create","cloudfunctions.functions.delete","cloudfunctions.functions.get","cloudfunctions.functions.list","cloudfunctions.functions.update","cloudfunctions.operations.get","datastore.indexes.create","datastore.indexes.delete","datastore.indexes.list","datastore.indexes.update","firebase.projects.get","firebasehosting.sites.update"]}
[debug] [2023-01-26T14:35:10.221Z] <<< [apiv2][status] POST https://cloudresourcemanager.googleapis.com/v1/projects/cm-kuraz-production:testIamPermissions 200
[debug] [2023-01-26T14:35:10.221Z] <<< [apiv2][body] POST https://cloudresourcemanager.googleapis.com/v1/projects/cm-kuraz-production:testIamPermissions {"permissions":["cloudfunctions.functions.create","cloudfunctions.functions.delete","cloudfunctions.functions.get","cloudfunctions.functions.list","cloudfunctions.functions.update","cloudfunctions.operations.get","datastore.indexes.create","datastore.indexes.delete","datastore.indexes.list","datastore.indexes.update","firebase.projects.get","firebasehosting.sites.update"]}
[debug] [2023-01-26T14:35:10.222Z] >>> [apiv2][query] POST https://iam.googleapis.com/v1/projects/cm-kuraz-production/serviceAccounts/cm-kuraz-production@appspot.gserviceaccount.com:testIamPermissions [none]
[debug] [2023-01-26T14:35:10.222Z] >>> [apiv2][body] POST https://iam.googleapis.com/v1/projects/cm-kuraz-production/serviceAccounts/cm-kuraz-production@appspot.gserviceaccount.com:testIamPermissions {"permissions":["iam.serviceAccounts.actAs"]}
[debug] [2023-01-26T14:35:11.018Z] <<< [apiv2][status] POST https://iam.googleapis.com/v1/projects/cm-kuraz-production/serviceAccounts/cm-kuraz-production@appspot.gserviceaccount.com:testIamPermissions 404
[debug] [2023-01-26T14:35:11.018Z] <<< [apiv2][body] POST https://iam.googleapis.com/v1/projects/cm-kuraz-production/serviceAccounts/cm-kuraz-production@appspot.gserviceaccount.com:testIamPermissions {"error":{"code":404,"message":"Unknown service account","status":"NOT_FOUND"}}
[debug] [2023-01-26T14:35:11.020Z] [functions] service account IAM check errored, deploy may fail:HTTP Error: 404, Unknown service account {"name":"FirebaseError","children":[],"context":{"body":{"error":{"code":404,"message":"Unknown service account","status":"NOT_FOUND"}},"response":{"statusCode":404}},"exit":1,"message":"HTTP Error: 404, Unknown service account","status":404}
[debug] [2023-01-26T14:35:11.021Z] >>> [apiv2][query] GET https://firebase.googleapis.com/v1beta1/projects/cm-kuraz-production [none]
[debug] [2023-01-26T14:35:11.341Z] <<< [apiv2][status] GET https://firebase.googleapis.com/v1beta1/projects/cm-kuraz-production 200
[debug] [2023-01-26T14:35:11.341Z] <<< [apiv2][body] GET https://firebase.googleapis.com/v1beta1/projects/cm-kuraz-production {"projectId":"cm-kuraz-production","projectNumber":"121521606553","displayName":"cm-kuraz-production","name":"projects/cm-kuraz-production","resources":{"hostingSite":"cm-kuraz-production","realtimeDatabaseInstance":"cm-kuraz-production-default-rtdb"},"state":"ACTIVE","etag":"1_56588b3c-e9ad-41a4-97cc-ce0b4e1b06c2"}
[info] 
[info] === Deploying to 'cm-kuraz-production'...
[info] 
[info] i  deploying firestore, functions, hosting 
[debug] [2023-01-26T14:35:11.456Z] TypeError [ERR_INVALID_ARG_TYPE]: The "path" argument must be of type string. Received undefined
    at new NodeError (node:internal/errors:371:5)
    at validateString (node:internal/validators:119:11)
    at Object.join (node:path:429:7)
    at Config.path (C:\Users\pavel\AppData\Roaming\npm\node_modules\firebase-tools\lib\config.js:123:45)
    at getChildEnvironment (C:\Users\pavel\AppData\Roaming\npm\node_modules\firebase-tools\lib\deploy\lifecycleHooks.js:52:49)
    at runTargetCommands (C:\Users\pavel\AppData\Roaming\npm\node_modules\firebase-tools\lib\deploy\lifecycleHooks.js:73:14)
    at C:\Users\pavel\AppData\Roaming\npm\node_modules\firebase-tools\lib\deploy\lifecycleHooks.js:125:24
    at processTicksAndRejections (node:internal/process/task_queues:96:5)
    at async chain (C:\Users\pavel\AppData\Roaming\npm\node_modules\firebase-tools\lib\deploy\index.js:35:9)
    at async deploy (C:\Users\pavel\AppData\Roaming\npm\node_modules\firebase-tools\lib\deploy\index.js:78:5)
[error] 
[error] Error: An unexpected error has occurred.
